
> my-project@0.1.0 dev
> next dev

▲ Next.js 16.2.0 (Turbopack)
- Local:         http://localhost:3000
- Network:       http://172.20.96.1:3000
✓ Ready in 882ms

 GET /admin/users/c63770e3-7778-49df-8efb-74f14c1bf5d7 200 in 2.2s (next.js: 1502ms, application-code: 658ms)
✓ Compiled in 919ms
 HEAD / 200 in 246ms (next.js: 39ms, application-code: 207ms)
 GET /admin/profiles/0eeaef6b-691b-4095-afdb-8de072b34854 200 in 831ms (next.js: 723ms, application-code: 108ms)
 GET /admin/profiles/0eeaef6b-691b-4095-afdb-8de072b34854 200 in 69ms (next.js: 25ms, application-code: 44ms)
 GET /admin/users 200 in 66ms (next.js: 32ms, application-code: 34ms)
 GET /admin/users/c63770e3-7778-49df-8efb-74f14c1bf5d7 200 in 49ms (next.js: 18ms, application-code: 31ms)
 GET /admin/profiles/0eeaef6b-691b-4095-afdb-8de072b34854 200 in 60ms (next.js: 20ms, application-code: 39ms)
 GET /admin/profiles/0eeaef6b-691b-4095-afdb-8de072b34854 200 in 139ms (next.js: 31ms, application-code: 108ms)
 GET /admin/users/c63770e3-7778-49df-8efb-74f14c1bf5d7 200 in 65ms (next.js: 23ms, application-code: 43ms)
 GET /admin/users 200 in 30ms (next.js: 6ms, application-code: 24ms)
 GET /admin/users 200 in 34ms (next.js: 6ms, application-code: 28ms)
 GET /admin/profiles 200 in 137ms (next.js: 80ms, application-code: 57ms)
 GET /admin/users 200 in 35ms (next.js: 6ms, application-code: 29ms)
 GET /admin/users 200 in 186ms (next.js: 8ms, application-code: 178ms)
 GET /admin 200 in 65ms (next.js: 37ms, application-code: 28ms)
 GET /login 200 in 137ms (next.js: 46ms, application-code: 90ms)
 GET /login 200 in 54ms (next.js: 11ms, application-code: 43ms)
 GET /admin 200 in 44ms (next.js: 8ms, application-code: 36ms)
 GET /login 200 in 64ms (next.js: 7ms, application-code: 57ms)
 GET /login 200 in 32ms (next.js: 6ms, application-code: 26ms)
 GET /admin 200 in 32ms (next.js: 7ms, application-code: 26ms)
 HEAD / 200 in 112ms (next.js: 10ms, application-code: 102ms)
✓ Compiled in 219ms
✓ Compiled in 158ms
✓ Compiled in 161ms
✓ Compiled in 163ms
✓ Compiled in 221ms
 GET /admin 200 in 200ms (next.js: 85ms, application-code: 115ms)
 GET /admin 200 in 60ms (next.js: 14ms, application-code: 47ms)
✓ Compiled in 185ms
 GET /admin 200 in 197ms (next.js: 95ms, application-code: 102ms)
 GET /admin 200 in 59ms (next.js: 13ms, application-code: 46ms)
✓ Compiled in 171ms
 GET /admin 200 in 260ms (next.js: 107ms, application-code: 153ms)
 GET /admin 200 in 99ms (next.js: 12ms, application-code: 87ms)
 GET /admin 200 in 53ms (next.js: 13ms, application-code: 40ms)
✓ Compiled in 131ms
 GET /admin 200 in 200ms (next.js: 81ms, application-code: 119ms)
 GET /admin 200 in 67ms (next.js: 14ms, application-code: 53ms)
✓ Compiled in 355ms
 GET /admin 200 in 160ms (next.js: 70ms, application-code: 90ms)
 GET /admin 200 in 89ms (next.js: 14ms, application-code: 75ms)
 GET /admin 200 in 39ms (next.js: 10ms, application-code: 29ms)
 HEAD / 200 in 283ms (next.js: 29ms, application-code: 254ms)
 GET /admin 200 in 112ms (next.js: 8ms, application-code: 104ms)
 GET /login 200 in 87ms (next.js: 29ms, application-code: 58ms)
 GET /admin 200 in 29ms (next.js: 7ms, application-code: 22ms)
 GET /admin/users 200 in 158ms (next.js: 116ms, application-code: 41ms)
 GET /admin/profiles/0eeaef6b-691b-4095-afdb-8de072b34854 200 in 235ms (next.js: 167ms, application-code: 69ms)
 GET /admin/profiles/0eeaef6b-691b-4095-afdb-8de072b34854 200 in 354ms (next.js: 29ms, application-code: 325ms)
